<?xml version="1.0" encoding="UTF-8"?>
<!-- Generated by org.testng.reporters.JUnitReportReporter -->
<testsuite hostname="lap-marcelot" failures="0" tests="4" name="TestaClasses" time="0.014" errors="0" timestamp="23 out. 2020 16:19:51 GMT" skipped="0">
  <testcase classname="TestaClasses" name="Test_listaLivros" time="0.001"/>
  <testcase classname="TestaClasses" name="Test_listaOrdenado" time="0.001"/>
  <testcase classname="TestaClasses" name="Test_buscarPorId" time="0.011"/>
  <testcase classname="TestaClasses" name="Test_carregaLivros" time="0.001"/>
</testsuite> <!-- TestaClasses -->
